# JRE version: OpenJDK Runtime Environment (17.0.6) (build 17.0.6+0-b2043.56-9586694)
# Java VM: OpenJDK 64-Bit Server VM (17.0.6+0-b2043.56-9586694, mixed mode, tiered, compressed oops, compressed class ptrs, g1 gc, windows-amd64)
GC Precious Log:
 CPUs: 8 total, 8 available
 Memory: 7103M
 Large Page Support: Disabled
 NUMA Support: Disabled
 Compressed Oops: Enabled (32-bit)
 Heap Region Size: 1M
 Heap Min Capacity: 8M
 Heap Initial Capacity: 112M
 Heap Max Capacity: 1776M
 Pre-touch: Disabled
 Parallel Workers: 8
 Concurrent Workers: 2
 Concurrent Refinement Workers: 8
 Periodic GC: Disabled
Heap:
 garbage-first heap   total 137216K, used 82324K [0x0000000091000000, 0x0000000100000000)
  region size 1024K, 3 young (3072K), 3 survivors (3072K)
 Metaspace       used 67945K, committed 68352K, reserved 1114112K
  class space    used 7661K, committed 7872K, reserved 1048576K
GC Heap History (20 events):
Event: 9.305 GC heap after
{Heap after GC invocations=28 (full 0):
 garbage-first heap   total 137216K, used 48674K [0x0000000091000000, 0x0000000100000000)
  region size 1024K, 1 young (1024K), 1 survivors (1024K)
 Metaspace       used 58449K, committed 58752K, reserved 1105920K
  class space    used 6880K, committed 7040K, reserved 1048576K
}
Event: 10.027 GC heap before
{Heap before GC invocations=28 (full 0):
 garbage-first heap   total 137216K, used 97826K [0x0000000091000000, 0x0000000100000000)
  region size 1024K, 49 young (50176K), 1 survivors (1024K)
 Metaspace       used 59136K, committed 59392K, reserved 1105920K
  class space    used 6927K, committed 7040K, reserved 1048576K
}
Event: 10.043 GC heap after
{Heap after GC invocations=29 (full 0):
 garbage-first heap   total 137216K, used 55862K [0x0000000091000000, 0x0000000100000000)
  region size 1024K, 7 young (7168K), 7 survivors (7168K)
 Metaspace       used 59136K, committed 59392K, reserved 1105920K
  class space    used 6927K, committed 7040K, reserved 1048576K
}
Event: 12.061 GC heap before
{Heap before GC invocations=29 (full 0):
 garbage-first heap   total 137216K, used 99894K [0x0000000091000000, 0x0000000100000000)
  region size 1024K, 50 young (51200K), 7 survivors (7168K)
 Metaspace       used 62771K, committed 63040K, reserved 1105920K
  class space    used 7267K, committed 7424K, reserved 1048576K
}
Event: 12.080 GC heap after
{Heap after GC invocations=30 (full 0):
 garbage-first heap   total 137216K, used 61237K [0x0000000091000000, 0x0000000100000000)
  region size 1024K, 5 young (5120K), 5 survivors (5120K)
 Metaspace       used 62771K, committed 63040K, reserved 1105920K
  class space    used 7267K, committed 7424K, reserved 1048576K
}
Event: 14.538 GC heap before
{Heap before GC invocations=30 (full 0):
 garbage-first heap   total 137216K, used 106293K [0x0000000091000000, 0x0000000100000000)
  region size 1024K, 47 young (48128K), 5 survivors (5120K)
 Metaspace       used 64979K, committed 65344K, reserved 1114112K
  class space    used 7385K, committed 7552K, reserved 1048576K
}
Event: 14.555 GC heap after
{Heap after GC invocations=31 (full 0):
 garbage-first heap   total 137216K, used 67675K [0x0000000091000000, 0x0000000100000000)
  region size 1024K, 5 young (5120K), 5 survivors (5120K)
 Metaspace       used 64979K, committed 65344K, reserved 1114112K
  class space    used 7385K, committed 7552K, reserved 1048576K
}
Event: 15.045 GC heap before
{Heap before GC invocations=31 (full 0):
 garbage-first heap   total 137216K, used 86107K [0x0000000091000000, 0x0000000100000000)
  region size 1024K, 24 young (24576K), 5 survivors (5120K)
 Metaspace       used 65245K, committed 65536K, reserved 1114112K
  class space    used 7403K, committed 7552K, reserved 1048576K
}
Event: 15.058 GC heap after
{Heap after GC invocations=32 (full 0):
 garbage-first heap   total 137216K, used 71057K [0x0000000091000000, 0x0000000100000000)
  region size 1024K, 4 young (4096K), 4 survivors (4096K)
 Metaspace       used 65245K, committed 65536K, reserved 1114112K
  class space    used 7403K, committed 7552K, reserved 1048576K
}
Event: 16.691 GC heap before
{Heap before GC invocations=33 (full 0):
 garbage-first heap   total 137216K, used 107921K [0x0000000091000000, 0x0000000100000000)
  region size 1024K, 39 young (39936K), 4 survivors (4096K)
 Metaspace       used 66273K, committed 66560K, reserved 1114112K
  class space    used 7503K, committed 7680K, reserved 1048576K
}
Event: 16.704 GC heap after
{Heap after GC invocations=34 (full 0):
 garbage-first heap   total 137216K, used 74561K [0x0000000091000000, 0x0000000100000000)
  region size 1024K, 4 young (4096K), 4 survivors (4096K)
 Metaspace       used 66273K, committed 66560K, reserved 1114112K
  class space    used 7503K, committed 7680K, reserved 1048576K
}
Event: 16.833 GC heap before
{Heap before GC invocations=34 (full 0):
 garbage-first heap   total 137216K, used 76609K [0x0000000091000000, 0x0000000100000000)
  region size 1024K, 6 young (6144K), 4 survivors (4096K)
 Metaspace       used 66292K, committed 66624K, reserved 1114112K
  class space    used 7503K, committed 7680K, reserved 1048576K
}
Event: 16.842 GC heap after
{Heap after GC invocations=35 (full 0):
 garbage-first heap   total 137216K, used 75037K [0x0000000091000000, 0x0000000100000000)
  region size 1024K, 1 young (1024K), 1 survivors (1024K)
 Metaspace       used 66292K, committed 66624K, reserved 1114112K
  class space    used 7503K, committed 7680K, reserved 1048576K
}
Event: 18.777 GC heap before
{Heap before GC invocations=35 (full 0):
 garbage-first heap   total 137216K, used 109853K [0x0000000091000000, 0x0000000100000000)
  region size 1024K, 35 young (35840K), 1 survivors (1024K)
 Metaspace       used 66939K, committed 67264K, reserved 1114112K
  class space    used 7554K, committed 7680K, reserved 1048576K
}
Event: 18.787 GC heap after
{Heap after GC invocations=36 (full 0):
 garbage-first heap   total 137216K, used 77580K [0x0000000091000000, 0x0000000100000000)
  region size 1024K, 4 young (4096K), 4 survivors (4096K)
 Metaspace       used 66939K, committed 67264K, reserved 1114112K
  class space    used 7554K, committed 7680K, reserved 1048576K
}
Event: 20.780 GC heap before
{Heap before GC invocations=37 (full 0):
 garbage-first heap   total 137216K, used 110348K [0x0000000091000000, 0x0000000100000000)
  region size 1024K, 36 young (36864K), 4 survivors (4096K)
 Metaspace       used 67193K, committed 67520K, reserved 1114112K
  class space    used 7557K, committed 7680K, reserved 1048576K
}
Event: 20.795 GC heap after
{Heap after GC invocations=38 (full 0):
 garbage-first heap   total 137216K, used 80493K [0x0000000091000000, 0x0000000100000000)
  region size 1024K, 3 young (3072K), 3 survivors (3072K)
 Metaspace       used 67193K, committed 67520K, reserved 1114112K
  class space    used 7557K, committed 7680K, reserved 1048576K
}
Event: 21.161 GC heap before
{Heap before GC invocations=38 (full 0):
 garbage-first heap   total 137216K, used 83565K [0x0000000091000000, 0x0000000100000000)
  region size 1024K, 6 young (6144K), 3 survivors (3072K)
 Metaspace       used 67197K, committed 67520K, reserved 1114112K
  class space    used 7557K, committed 7680K, reserved 1048576K
}
Event: 21.168 GC heap after
{Heap after GC invocations=39 (full 0):
 garbage-first heap   total 137216K, used 80217K [0x0000000091000000, 0x0000000100000000)
  region size 1024K, 1 young (1024K), 1 survivors (1024K)
 Metaspace       used 67197K, committed 67520K, reserved 1114112K
  class space    used 7557K, committed 7680K, reserved 1048576K
}
Event: 22.629 GC heap before
{Heap before GC invocations=39 (full 0):
 garbage-first heap   total 137216K, used 111961K [0x0000000091000000, 0x0000000100000000)
  region size 1024K, 32 young (32768K), 1 survivors (1024K)
 Metaspace       used 67945K, committed 68352K, reserved 1114112K
  class space    used 7661K, committed 7872K, reserved 1048576K
}

